{"/home/runner/work/multiplayer-egg-timer/multiplayer-egg-timer/backend/src/roomIdGenerator.ts": {"path":"/home/runner/work/multiplayer-egg-timer/multiplayer-egg-timer/backend/src/roomIdGenerator.ts","statementMap":{"0":{"start":{"line":9,"column":45},"end":{"line":9,"column":null}},"1":{"start":{"line":10,"column":31},"end":{"line":10,"column":null}},"2":{"start":{"line":13,"column":23},"end":{"line":13,"column":null}},"3":{"start":{"line":14,"column":33},"end":{"line":14,"column":null}},"4":{"start":{"line":16,"column":2},"end":{"line":19,"column":null}},"5":{"start":{"line":16,"column":15},"end":{"line":16,"column":18}},"6":{"start":{"line":17,"column":10},"end":{"line":17,"column":null}},"7":{"start":{"line":18,"column":4},"end":{"line":18,"column":null}},"8":{"start":{"line":21,"column":2},"end":{"line":21,"column":null}},"9":{"start":{"line":28,"column":2},"end":{"line":28,"column":null}}},"fnMap":{"0":{"name":"generateRoomId","decl":{"start":{"line":12,"column":16},"end":{"line":12,"column":41}},"loc":{"start":{"line":12,"column":41},"end":{"line":22,"column":null}},"line":12},"1":{"name":"normalizeRoomId","decl":{"start":{"line":27,"column":16},"end":{"line":27,"column":32}},"loc":{"start":{"line":27,"column":56},"end":{"line":29,"column":null}},"line":27}},"branchMap":{},"s":{"0":1,"1":1,"2":103,"3":103,"4":103,"5":103,"6":412,"7":412,"8":103,"9":4},"f":{"0":103,"1":4},"b":{},"meta":{"lastBranch":0,"lastFunction":2,"lastStatement":10,"seen":{"s:9:45:9:Infinity":0,"s:10:31:10:Infinity":1,"f:12:16:12:41":0,"s:13:23:13:Infinity":2,"s:14:33:14:Infinity":3,"s:16:2:19:Infinity":4,"s:16:15:16:18":5,"s:17:10:17:Infinity":6,"s:18:4:18:Infinity":7,"s:21:2:21:Infinity":8,"f:27:16:27:32":1,"s:28:2:28:Infinity":9}}}
,"/home/runner/work/multiplayer-egg-timer/multiplayer-egg-timer/shared/src/index.ts": {"path":"/home/runner/work/multiplayer-egg-timer/multiplayer-egg-timer/shared/src/index.ts","statementMap":{},"fnMap":{},"branchMap":{},"s":{},"f":{},"b":{},"meta":{"lastBranch":0,"lastFunction":0,"lastStatement":0,"seen":{}}}
,"/home/runner/work/multiplayer-egg-timer/multiplayer-egg-timer/shared/src/protocol.ts": {"path":"/home/runner/work/multiplayer-egg-timer/multiplayer-egg-timer/shared/src/protocol.ts","statementMap":{"0":{"start":{"line":9,"column":7},"end":{"line":9,"column":null}},"1":{"start":{"line":10,"column":2},"end":{"line":10,"column":null}},"2":{"start":{"line":11,"column":2},"end":{"line":11,"column":null}},"3":{"start":{"line":12,"column":2},"end":{"line":12,"column":null}},"4":{"start":{"line":9,"column":12},"end":{"line":9,"column":null}},"5":{"start":{"line":25,"column":7},"end":{"line":25,"column":null}},"6":{"start":{"line":26,"column":2},"end":{"line":26,"column":null}},"7":{"start":{"line":27,"column":2},"end":{"line":27,"column":null}},"8":{"start":{"line":28,"column":2},"end":{"line":28,"column":null}},"9":{"start":{"line":29,"column":2},"end":{"line":29,"column":null}},"10":{"start":{"line":30,"column":2},"end":{"line":30,"column":null}},"11":{"start":{"line":31,"column":2},"end":{"line":31,"column":null}},"12":{"start":{"line":32,"column":2},"end":{"line":32,"column":null}},"13":{"start":{"line":33,"column":2},"end":{"line":33,"column":null}},"14":{"start":{"line":34,"column":2},"end":{"line":34,"column":null}},"15":{"start":{"line":35,"column":2},"end":{"line":35,"column":null}},"16":{"start":{"line":36,"column":2},"end":{"line":36,"column":null}},"17":{"start":{"line":37,"column":2},"end":{"line":37,"column":null}},"18":{"start":{"line":38,"column":2},"end":{"line":38,"column":null}},"19":{"start":{"line":39,"column":2},"end":{"line":39,"column":null}},"20":{"start":{"line":25,"column":12},"end":{"line":25,"column":null}}},"fnMap":{"0":{"name":"(anonymous_0)","decl":{"start":{"line":9,"column":7},"end":{"line":9,"column":12}},"loc":{"start":{"line":9,"column":7},"end":{"line":9,"column":null}},"line":9},"1":{"name":"(anonymous_1)","decl":{"start":{"line":25,"column":7},"end":{"line":25,"column":12}},"loc":{"start":{"line":25,"column":7},"end":{"line":25,"column":null}},"line":25}},"branchMap":{"0":{"loc":{"start":{"line":9,"column":12},"end":{"line":9,"column":null}},"type":"binary-expr","locations":[{"start":{"line":9,"column":12},"end":{"line":9,"column":null}},{"start":{"line":9,"column":12},"end":{"line":9,"column":null}}],"line":9},"1":{"loc":{"start":{"line":25,"column":12},"end":{"line":25,"column":null}},"type":"binary-expr","locations":[{"start":{"line":25,"column":12},"end":{"line":25,"column":null}},{"start":{"line":25,"column":12},"end":{"line":25,"column":null}}],"line":25}},"s":{"0":1,"1":1,"2":1,"3":1,"4":1,"5":1,"6":1,"7":1,"8":1,"9":1,"10":1,"11":1,"12":1,"13":1,"14":1,"15":1,"16":1,"17":1,"18":1,"19":1,"20":1},"f":{"0":1,"1":1},"b":{"0":[1,1],"1":[1,1]},"meta":{"lastBranch":2,"lastFunction":2,"lastStatement":21,"seen":{"s:9:7:9:Infinity":0,"f:9:7:9:12":0,"s:10:2:10:Infinity":1,"s:11:2:11:Infinity":2,"s:12:2:12:Infinity":3,"s:9:12:9:Infinity":4,"b:9:12:9:Infinity:9:12:9:Infinity":0,"s:25:7:25:Infinity":5,"f:25:7:25:12":1,"s:26:2:26:Infinity":6,"s:27:2:27:Infinity":7,"s:28:2:28:Infinity":8,"s:29:2:29:Infinity":9,"s:30:2:30:Infinity":10,"s:31:2:31:Infinity":11,"s:32:2:32:Infinity":12,"s:33:2:33:Infinity":13,"s:34:2:34:Infinity":14,"s:35:2:35:Infinity":15,"s:36:2:36:Infinity":16,"s:37:2:37:Infinity":17,"s:38:2:38:Infinity":18,"s:39:2:39:Infinity":19,"s:25:12:25:Infinity":20,"b:25:12:25:Infinity:25:12:25:Infinity":1}}}
}
