TN:
SF:backend/src/roomIdGenerator.ts
FN:12,generateRoomId
FN:27,normalizeRoomId
FNF:2
FNH:2
FNDA:103,generateRoomId
FNDA:4,normalizeRoomId
DA:9,1
DA:10,1
DA:13,103
DA:14,103
DA:16,103
DA:17,412
DA:18,412
DA:21,103
DA:28,4
LF:9
LH:9
BRF:0
BRH:0
end_of_record
TN:
SF:shared/src/index.ts
FNF:0
FNH:0
LF:0
LH:0
BRF:0
BRH:0
end_of_record
TN:
SF:shared/src/protocol.ts
FN:9,(anonymous_0)
FN:25,(anonymous_1)
FNF:2
FNH:2
FNDA:1,(anonymous_0)
FNDA:1,(anonymous_1)
DA:9,1
DA:10,1
DA:11,1
DA:12,1
DA:25,1
DA:26,1
DA:27,1
DA:28,1
DA:29,1
DA:30,1
DA:31,1
DA:32,1
DA:33,1
DA:34,1
DA:35,1
DA:36,1
DA:37,1
DA:38,1
DA:39,1
LF:19
LH:19
BRDA:9,0,0,1
BRDA:9,0,1,1
BRDA:25,1,0,1
BRDA:25,1,1,1
BRF:4
BRH:4
end_of_record
